<?xml version="1.0" encoding="UTF-8"?>
<!-- Generated by org.testng.reporters.JUnitReportReporter -->
<testsuite skipped="0" hostname="jagadeesh-PC" name="Qaclickacadey.validation" tests="1" failures="0" timestamp="13 Dec 2019 00:29:52 GMT" time="25.664" errors="0">
  <testcase name="basepagenavigation" time="25.664" classname="Qaclickacadey.validation"/>
</testsuite> <!-- Qaclickacadey.validation -->
