<?xml version="1.0" encoding="UTF-8"?>
<!-- Generated by org.testng.reporters.JUnitReportReporter -->
<testsuite skipped="0" hostname="jagadeesh-PC" name="Qaclickacadey.Homepage" tests="2" failures="0" timestamp="12 Dec 2019 16:06:22 GMT" time="69.765" errors="0">
  <testcase name="basepagenavigation" time="34.413" classname="Qaclickacadey.Homepage"/>
  <testcase name="basepagenavigation" time="35.352" classname="Qaclickacadey.Homepage"/>
</testsuite> <!-- Qaclickacadey.Homepage -->
