<?xml version="1.0" encoding="UTF-8"?>
<!-- Generated by org.testng.reporters.JUnitReportReporter -->
<testsuite skipped="0" hostname="jagadeesh-PC" name="Qaclickacadey.validatebar" tests="1" failures="0" timestamp="13 Dec 2019 00:29:52 GMT" time="22.114" errors="0">
  <testcase name="validationbar" time="22.114" classname="Qaclickacadey.validatebar"/>
</testsuite> <!-- Qaclickacadey.validatebar -->
