<?xml version="1.0" encoding="UTF-8"?>
<!-- Generated by org.testng.reporters.JUnitReportReporter -->
<testsuite skipped="0" hostname="jagadeesh-PC" name="Qaclickacadey.validatebar" tests="1" failures="0" timestamp="12 Dec 2019 16:06:22 GMT" time="23.828" errors="0">
  <testcase name="validationbar" time="23.828" classname="Qaclickacadey.validatebar"/>
</testsuite> <!-- Qaclickacadey.validatebar -->
