<?xml version="1.0" encoding="UTF-8"?>
<!-- Generated by org.testng.reporters.JUnitReportReporter -->
<testsuite skipped="0" hostname="jagadeesh-PC" name="Qaclickacadey.validation" tests="1" failures="0" timestamp="12 Dec 2019 16:09:38 GMT" time="44.842" errors="0">
  <testcase name="basepagenavigation" time="44.842" classname="Qaclickacadey.validation"/>
</testsuite> <!-- Qaclickacadey.validation -->
