<?xml version="1.0" encoding="UTF-8"?>
<!-- Generated by org.testng.reporters.JUnitReportReporter -->
<testsuite skipped="0" hostname="jagadeesh-PC" name="Qaclickacadey.Homepage" tests="2" failures="0" timestamp="13 Dec 2019 00:29:52 GMT" time="76.449" errors="0">
  <testcase name="basepagenavigation" time="37.795" classname="Qaclickacadey.Homepage"/>
  <testcase name="basepagenavigation" time="38.654" classname="Qaclickacadey.Homepage"/>
</testsuite> <!-- Qaclickacadey.Homepage -->
